Migrating to Setup (1)
Migrating to IssueMove (2)
Migrating to IssueAddNote (3)
Migrating to ExportPdf (4)
Migrating to IssueStartDate (5)
Migrating to CalendarAndActivity (6)
Migrating to CreateJournals (7)
Migrating to CreateUserPreferences (8)
Migrating to AddHideMailPref (9)
Migrating to CreateComments (10)
Migrating to AddNewsCommentsCount (11)
Migrating to AddCommentsPermissions (12)
Migrating to CreateQueries (13)
Migrating to AddQueriesPermissions (14)
Migrating to CreateRepositories (15)
Migrating to AddRepositoriesPermissions (16)
Migrating to CreateSettings (17)
Migrating to SetDocAndFilesNotifications (18)
Migrating to AddIssueStatusPosition (19)
Migrating to AddRolePosition (20)
Migrating to AddTrackerPosition (21)
Migrating to SerializePossiblesValues (22)
Migrating to AddTrackerIsInRoadmap (23)
Migrating to AddRoadmapPermission (24)
Migrating to AddSearchPermission (25)
Migrating to AddRepositoryLoginAndPassword (26)
Migrating to CreateWikis (27)
Migrating to CreateWikiPages (28)
Migrating to CreateWikiContents (29)
Migrating to AddProjectsFeedsPermissions (30)
Migrating to AddRepositoryRootUrl (31)
Migrating to CreateTimeEntries (32)
Migrating to AddTimelogPermissions (33)
Migrating to CreateChangesets (34)
Migrating to CreateChanges (35)
Migrating to AddChangesetCommitDate (36)
Migrating to AddProjectIdentifier (37)
Migrating to AddCustomFieldIsFilter (38)
Migrating to CreateWatchers (39)
Migrating to CreateChangesetsIssues (40)
Migrating to RenameCommentToComments (41)
Migrating to CreateIssueRelations (42)
Migrating to AddRelationsPermissions (43)
Migrating to SetLanguageLengthToFive (44)
Migrating to CreateBoards (45)
Migrating to CreateMessages (46)
Migrating to AddBoardsPermissions (47)
Migrating to AllowNullVersionEffectiveDate (48)
Migrating to AddWikiDestroyPagePermission (49)
Migrating to AddWikiAttachmentsPermissions (50)
Migrating to AddProjectStatus (51)
Migrating to AddChangesRevision (52)
Migrating to AddChangesBranch (53)
Migrating to AddChangesetsScmid (54)
Migrating to AddRepositoriesType (55)
Migrating to AddRepositoriesChangesPermission (56)
Migrating to AddVersionsWikiPageTitle (57)
Migrating to AddIssueCategoriesAssignedToId (58)
Migrating to AddRolesAssignable (59)
Migrating to ChangeChangesetsCommitterLimit (60)
Migrating to AddRolesBuiltin (61)
Migrating to InsertBuiltinRoles (62)
Migrating to AddRolesPermissions (63)
Migrating to DropPermissions (64)
Migrating to AddSettingsUpdatedOn (65)
Migrating to AddCustomValueCustomizedIndex (66)
Migrating to CreateWikiRedirects (67)
Migrating to CreateEnabledModules (68)
Migrating to AddIssuesEstimatedHours (69)
Migrating to ChangeAttachmentsContentTypeLimit (70)
Migrating to AddQueriesColumnNames (71)
Migrating to AddEnumerationsPosition (72)
Creating scope :system. Overwriting existing method Enumeration.system.
Migrating to AddEnumerationsIsDefault (73)
Migrating to AddAuthSourcesTls (74)
Migrating to AddMembersMailNotification (75)
Migrating to AllowNullPosition (76)
Migrating to RemoveIssueStatusesHtmlColor (77)
Migrating to AddCustomFieldsPosition (78)
Migrating to AddUserPreferencesTimeZone (79)
Migrating to AddUsersType (80)
Creating scope :sorted. Overwriting existing method Group.sorted.
Creating scope :sorted. Overwriting existing method User.sorted.
Migrating to CreateProjectsTrackers (81)
Migrating to AddMessagesLocked (82)
Migrating to AddMessagesSticky (83)
Migrating to ChangeAuthSourcesAccountLimit (84)
Migrating to AddRoleTrackerOldStatusIndexToWorkflows (85)
Migrating to AddCustomFieldsSearchable (86)
Migrating to ChangeProjectsDescriptionToText (87)
Migrating to AddCustomFieldsDefaultValue (88)
Migrating to AddAttachmentsDescription (89)
Migrating to ChangeVersionsNameLimit (90)
Migrating to ChangeChangesetsRevisionToString (91)
Migrating to ChangeChangesFromRevisionToString (92)
Migrating to AddWikiPagesProtected (93)
Migrating to ChangeProjectsHomepageLimit (94)
Migrating to AddWikiPagesParentId (95)
Migrating to AddCommitAccessPermission (96)
Migrating to AddViewWikiEditsPermission (97)
Migrating to SetTopicAuthorsAsWatchers (98)
Migrating to AddDeleteWikiPagesAttachmentsPermission (99)
Migrating to AddChangesetsUserId (100)
Migrating to PopulateChangesetsUserId (101)
Migrating to AddCustomFieldsEditable (102)
Migrating to SetCustomFieldsEditable (103)
Migrating to AddProjectsLftAndRgt (104)
Migrating to BuildProjectsTree (105)
Migrating to RemoveProjectsProjectsCount (106)
Migrating to AddOpenIdAuthenticationTables (107)
Migrating to AddIdentityUrlToUsers (108)
Migrating to AddWatchersUserIdTypeIndex (20090214190337)
Migrating to AddQueriesSortCriteria (20090312172426)
Migrating to AddProjectsTrackersUniqueIndex (20090312194159)
Migrating to ExtendSettingsName (20090318181151)
Migrating to AddTypeToEnumerations (20090323224724)
Migrating to UpdateEnumerationsToSti (20090401221305)
Migrating to AddActiveFieldToEnumerations (20090401231134)
Migrating to AddProjectToEnumerations (20090403001910)
Migrating to AddParentIdToEnumerations (20090406161854)
Migrating to AddQueriesGroupBy (20090425161243)
Migrating to CreateMemberRoles (20090503121501)
Migrating to PopulateMemberRoles (20090503121505)
Migrating to DropMembersRoleId (20090503121510)
Migrating to FixMessagesStickyNull (20090614091200)
Migrating to PopulateUsersType (20090704172350)
Migrating to CreateGroupsUsers (20090704172355)
Migrating to AddMemberRolesInheritedFrom (20090704172358)
Migrating to FixUsersCustomValues (20091010093521)
Migrating to AddMissingIndexesToWorkflows (20091017212227)
Migrating to AddMissingIndexesToCustomFieldsProjects (20091017212457)
Migrating to AddMissingIndexesToMessages (20091017212644)
Migrating to AddMissingIndexesToRepositories (20091017212938)
Migrating to AddMissingIndexesToComments (20091017213027)
Migrating to AddMissingIndexesToEnumerations (20091017213113)
Migrating to AddMissingIndexesToWikiPages (20091017213151)
Migrating to AddMissingIndexesToWatchers (20091017213228)
Migrating to AddMissingIndexesToAuthSources (20091017213257)
Migrating to AddMissingIndexesToDocuments (20091017213332)
Migrating to AddMissingIndexesToTokens (20091017213444)
Migrating to AddMissingIndexesToChangesets (20091017213536)
Migrating to AddMissingIndexesToIssueCategories (20091017213642)
Migrating to AddMissingIndexesToMemberRoles (20091017213716)
Migrating to AddMissingIndexesToBoards (20091017213757)
Migrating to AddMissingIndexesToUserPreferences (20091017213835)
Migrating to AddMissingIndexesToIssues (20091017213910)
Migrating to AddMissingIndexesToMembers (20091017214015)
Migrating to AddMissingIndexesToCustomFields (20091017214107)
Migrating to AddMissingIndexesToQueries (20091017214136)
Migrating to AddMissingIndexesToTimeEntries (20091017214236)
Migrating to AddMissingIndexesToNews (20091017214308)
Migrating to AddMissingIndexesToUsers (20091017214336)
Migrating to AddMissingIndexesToAttachments (20091017214406)
Migrating to AddMissingIndexesToWikiContents (20091017214440)
Migrating to AddMissingIndexesToCustomValues (20091017214519)
Migrating to AddMissingIndexesToJournals (20091017214611)
Migrating to AddMissingIndexesToIssueRelations (20091017214644)
Migrating to AddMissingIndexesToWikiRedirects (20091017214720)
Migrating to AddMissingIndexesToCustomFieldsTrackers (20091017214750)
Migrating to AddActivityIndexes (20091025163651)
Migrating to AddVersionsStatus (20091108092559)
Migrating to AddViewIssuesPermission (20091114105931)
Migrating to AddDefaultDoneRatioToIssueStatus (20091123212029)
Migrating to AddVersionsSharing (20091205124427)
Migrating to AddLftAndRgtIndexesToProjects (20091220183509)
Migrating to AddIndexToSettingsName (20091220183727)
Migrating to AddIndexesToIssueStatus (20091220184736)
Migrating to RemoveEnumerationsOpt (20091225164732)
Migrating to ChangeWikiContentsTextLimit (20091227112908)
Migrating to ChangeUsersMailNotificationToString (20100129193402)
Migrating to UpdateMailNotificationValues (20100129193813)
Migrating to AddIndexOnChangesetsScmid (20100221100219)
Migrating to AddIssuesNestedSetsColumns (20100313132032)
Migrating to AddIndexOnIssuesNestedSet (20100313171051)
Migrating to ChangeChangesPathLengthLimit (20100705164950)
Migrating to EnableCalendarAndGanttModulesWhereAppropriate (20100819172912)
Migrating to AddUniqueIndexOnMembers (20101104182107)
Migrating to AddCustomFieldsVisible (20101107130441)
Migrating to ChangeProjectsNameLimit (20101114115114)
Migrating to ChangeProjectsIdentifierLimit (20101114115359)
Migrating to AddWorkflowsAssigneeAndAuthor (20110220160626)
Migrating to AddUsersSalt (20110223180944)
Migrating to SaltUserPasswords (20110223180953)
Migrating to AddRepositoriesPathEncoding (20110224000000)
Migrating to ChangeRepositoriesPasswordLimit (20110226120112)
Migrating to ChangeAuthSourcesAccountPasswordLimit (20110226120132)
Migrating to ChangeJournalDetailsValuesToText (20110227125750)
Migrating to AddRepositoriesLogEncoding (20110228000000)
Migrating to CopyRepositoriesLogEncoding (20110228000100)
Migrating to AddIndexToUsersType (20110401192910)
Migrating to AddRolesIssuesVisibility (20110408103312)
Migrating to AddIssuesIsPrivate (20110412065600)
Migrating to AddRepositoriesExtraInfo (20110511000000)
Migrating to CreateChangesetParents (20110902000000)
Migrating to AddUniqueIndexToIssueRelations (20111201201315)
Migrating to AddRepositoriesIdentifier (20120115143024)
Migrating to AddRepositoriesIsDefault (20120115143100)
Migrating to SetDefaultRepositories (20120115143126)
Migrating to AddCustomFieldsMultiple (20120127174243)
Migrating to ChangeUsersLoginLimit (20120205111326)
Migrating to ChangeAttachmentsContainerDefaults (20120223110929)
Migrating to AddAuthSourcesFilter (20120301153455)
Migrating to ChangeRepositoriesToFullSti (20120422150750)
Migrating to AddTrackersFieldsBits (20120705074331)
Migrating to AddAuthSourcesTimeout (20120707064544)
Migrating to AddWorkflowsType (20120714122000)
Migrating to UpdateWorkflowsToSti (20120714122100)
Migrating to AddWorkflowsRuleFields (20120714122200)
Migrating to AddBoardsParentId (20120731164049)
Migrating to AddJournalsPrivateNotes (20120930112914)
Migrating to AddEnumerationsPositionName (20121026002032)
Migrating to PopulateEnumerationsPositionName (20121026003537)
Migrating to AddQueriesType (20121209123234)
Migrating to UpdateQueriesToSti (20121209123358)
Migrating to AddAttachmentsDiskDirectory (20121213084931)
Migrating to SplitDocumentsPermissions (20130110122628)
Migrating to AddUniqueIndexOnTokensValue (20130201184705)
Migrating to AddProjectsInheritMembers (20130202090625)
Migrating to AddUniqueIndexOnCustomFieldsTrackers (20130207175206)
Migrating to AddUniqueIndexOnCustomFieldsProjects (20130207181455)
Migrating to ChangeUsersLastnameLengthTo255 (20130215073721)
Migrating to AddIssuesClosedOn (20130215111127)
Migrating to PopulateIssuesClosedOn (20130215111141)
Migrating to RemoveIssuesDefaultFkValues (20130217094251)
Migrating to CreateQueriesRoles (20130602092539)
Migrating to AddQueriesVisibility (20130710182539)
Migrating to CreateCustomFieldsRoles (20130713104233)
Migrating to AddQueriesOptions (20130713111657)
Migrating to AddUsersMustChangePasswd (20130729070143)
Migrating to RemoveEolsFromAttachmentsFilename (20130911193200)
Migrating to SupportForMultipleCommitKeywords (20131004113137)
Migrating to AddRepositoriesCreatedOn (20131005100610)
Migrating to AddCustomFieldsFormatStore (20131124175346)
Migrating to AddCustomFieldsDescription (20131210180802)
Migrating to RemoveCustomFieldsMinMaxLengthDefaultValues (20131214094309)
Migrating to StoreRelationTypeInJournalDetails (20131215104612)
Migrating to DeleteOrphanTimeEntriesCustomValues (20131218183023)
Migrating to ChangeChangesetsCommentsLimit (20140228130325)
Migrating to AddPasswordChangedAtToUser (20140903143914)
Migrating to InsertBuiltinGroups (20140920094058)
Migrating to AddTrackersDefaultStatusId (20141029181752)
Migrating to RemoveIssueStatusesIsDefault (20141029181824)
Migrating to AddRolesUsersVisibility (20141109112308)
Migrating to AddWikiRedirectsRedirectsToWikiId (20141122124142)
Migrating to CreateEmailAddresses (20150113194759)
Migrating to PopulateEmailAddresses (20150113211532)
Migrating to RemoveUsersMail (20150113213922)
Migrating to AddEmailAddressesUserIdIndex (20150113213955)
Migrating to ReplaceMoveIssuesPermission (20150208105930)
Migrating to ChangeDocumentsTitleLimit (20150510083747)
Migrating to ClearEstimatedHoursOnParentIssues (20150525103953)
Migrating to AddRolesTimeEntriesVisibility (20150526183158)
Migrating to AddRolesAllRolesManaged (20150528084820)
Migrating to CreateRolesManagedRoles (20150528092912)
Migrating to AddUniqueIndexOnRolesManagedRoles (20150528093249)
Migrating to InsertAllowedStatusesForNewIssues (20150725112753)
Migrating to CreateImports (20150730122707)
Migrating to CreateImportItems (20150730122735)
Migrating to ChangeTimeEntriesCommentsLimitTo1024 (20150921204850)
Migrating to ChangeWikiContentsCommentsLimitTo1024 (20150921210243)
Migrating to ChangeAttachmentsFilesizeLimitTo8 (20151020182334)
Migrating to FixCommaInUserFormatSettingValue (20151020182731)
Migrating to ChangeIssueCategoriesNameLimitTo60 (20151021184614)
Migrating to ChangeAuthSourcesFilterToText (20151021185456)
Migrating to ChangeUserPreferencesHideMailDefaultToTrue (20151021190616)
Migrating to AddTokensUpdatedOn (20151024082034)
Migrating to CreateCustomFieldEnumerations (20151025072118)
Migrating to AddProjectsDefaultVersionId (20151031095005)
Migrating to ForcePasswordResetDuringSetup (20160404080304)
Migrating to RemovePositionDefaults (20160416072926)
Migrating to AddRolesSettings (20160529063352)
Migrating to AddTrackerIdIndexToWorkflows (20161001122012)
Migrating to AddIndexOnMemberRolesInheritedFrom (20161002133421)
Migrating to ChangeIssuesDescriptionLimit (20161010081301)
Migrating to ChangeJournalDetailsValueLimit (20161010081528)
Migrating to ChangeJournalsNotesLimit (20161010081600)
Migrating to AddIndexOnChangesetsIssuesIssueId (20161126094932)
Migrating to AddIndexOnIssuesParentId (20161220091118)
Migrating to AddIndexOnDiskFilenameToAttachments (20170207050700)
Migrating to ChangeAttachmentsDigestLimitTo64 (20170302015225)
Migrating to AddProjectDefaultAssignedToId (20170309214320)
Migrating to ChangeRepositoriesExtraInfoLimit (20170320051650)
Migrating to AddViewNewsToAllExistingRoles (20170418090031)
Migrating to AddViewMessagesToAllExistingRoles (20170419144536)
Migrating to RenameCommentsToContent (20170723112801)
Migrating to AddVerifyPeerToAuthSources (20180913072918)
Migrating to ChangeSqliteBooleansTo0And1 (20180923082945)
Migrating to ChangeSqliteBooleansDefault (20180923091603)
Migrating to CreateIssueStatusOrders (1)
Migrating to CreateAgileColors (2)
Migrating to RenameIssueStatusOrders (3)
Migrating to RenameAgileRanks (4)
Migrating to AddStoryPointsToAgileRanks (5)
Creating scope :system. Overwriting existing method Enumeration.system.
Creating scope :system. Overwriting existing method Enumeration.system.
Creating scope :sorted. Overwriting existing method Group.sorted.
Creating scope :sorted. Overwriting existing method User.sorted.
Creating scope :visible. Overwriting existing method AgileQuery.visible.
Started HEAD "/redmineplusagile" for 127.0.0.1 at 2019-03-26 22:33:23 +0530
Processing by WelcomeController#index as HTML
  Current user: anonymous
  Rendering welcome/index.html.erb within layouts/base
  Rendered welcome/index.html.erb within layouts/base (79.1ms)
  Rendering plugins/redmine_agile/doc/LICENSE
  Rendered plugins/redmine_agile/doc/LICENSE (0.5ms)
  Rendered plugins/redmine_agile/app/views/bitnami/_license_popup.html.erb (5.5ms)
Completed 200 OK in 528ms (Views: 130.4ms | ActiveRecord: 62.7ms)
Creating scope :system. Overwriting existing method Enumeration.system.
Creating scope :sorted. Overwriting existing method Group.sorted.
Creating scope :sorted. Overwriting existing method User.sorted.
Creating scope :visible. Overwriting existing method AgileQuery.visible.
Started HEAD "/" for 127.0.0.1 at 2019-03-26 22:33:33 +0530
Processing by WelcomeController#index as HTML
  Current user: anonymous
  Rendering welcome/index.html.erb within layouts/base
  Rendered welcome/index.html.erb within layouts/base (84.9ms)
  Rendering plugins/redmine_agile/doc/LICENSE
  Rendered plugins/redmine_agile/doc/LICENSE (0.5ms)
  Rendered plugins/redmine_agile/app/views/bitnami/_license_popup.html.erb (5.5ms)
Completed 200 OK in 451ms (Views: 135.1ms | ActiveRecord: 18.1ms)
Started GET "/" for 127.0.0.1 at 2019-03-26 22:34:17 +0530
Processing by WelcomeController#index as HTML
  Current user: anonymous
  Rendering welcome/index.html.erb within layouts/base
  Rendered welcome/index.html.erb within layouts/base (1.2ms)
  Rendering plugins/redmine_agile/doc/LICENSE
  Rendered plugins/redmine_agile/doc/LICENSE (0.0ms)
  Rendered plugins/redmine_agile/app/views/bitnami/_license_popup.html.erb (1.1ms)
Completed 200 OK in 24ms (Views: 11.3ms | ActiveRecord: 2.8ms)
Started GET "/login" for 127.0.0.1 at 2019-03-26 22:35:27 +0530
Processing by AccountController#login as HTML
  Current user: anonymous
  Rendering account/login.html.erb within layouts/base
  Rendered account/login.html.erb within layouts/base (9.4ms)
  Rendering plugins/redmine_agile/doc/LICENSE
  Rendered plugins/redmine_agile/doc/LICENSE (0.0ms)
  Rendered plugins/redmine_agile/app/views/bitnami/_license_popup.html.erb (0.9ms)
Completed 200 OK in 27ms (Views: 19.3ms | ActiveRecord: 2.7ms)
Started POST "/login" for 127.0.0.1 at 2019-03-26 22:36:36 +0530
Processing by AccountController#login as HTML
  Parameters: {"utf8"=>"✓", "authenticity_token"=>"XTaAaBolX7xWD8k+X+mBiMZ3e+yYyN5v3FwAUrfxhe1mw74fp05ap0N93R8lY1fMXsazTovYGsxiUZQM+n0mdw==", "back_url"=>"http://127.0.0.1:8080/", "username"=>"hcmzone", "password"=>"[FILTERED]", "login"=>"Login"}
  Current user: anonymous
Successful authentication for 'hcmzone' from 127.0.0.1 at 2019-03-26 17:06:36 UTC
Redirected to http://127.0.0.1:8080/
Completed 302 Found in 215ms (ActiveRecord: 181.4ms)
Started GET "/" for 127.0.0.1 at 2019-03-26 22:36:37 +0530
Processing by WelcomeController#index as HTML
  Current user: hcmzone (id=1)
  Rendering welcome/index.html.erb within layouts/base
  Rendered welcome/index.html.erb within layouts/base (102.5ms)
  Rendering plugins/redmine_agile/doc/LICENSE
  Rendered plugins/redmine_agile/doc/LICENSE (0.1ms)
  Rendered plugins/redmine_agile/app/views/bitnami/_license_popup.html.erb (1.1ms)
Completed 200 OK in 277ms (Views: 45.0ms | ActiveRecord: 220.2ms)
Started GET "/" for 127.0.0.1 at 2019-03-27 14:34:58 +0530
Processing by WelcomeController#index as HTML
  Current user: hcmzone (id=1)
  Rendering welcome/index.html.erb within layouts/base
  Rendered welcome/index.html.erb within layouts/base (6.8ms)
  Rendering plugins/redmine_agile/doc/LICENSE
  Rendered plugins/redmine_agile/doc/LICENSE (0.0ms)
  Rendered plugins/redmine_agile/app/views/bitnami/_license_popup.html.erb (0.9ms)
Completed 200 OK in 100ms (Views: 24.3ms | ActiveRecord: 62.2ms)
Started GET "/login" for 127.0.0.1 at 2019-03-27 14:35:02 +0530
Processing by AccountController#login as HTML
  Current user: hcmzone (id=1)
Redirected to http://127.0.0.1:8080/
Completed 302 Found in 48ms (ActiveRecord: 39.7ms)
Started GET "/" for 127.0.0.1 at 2019-03-27 14:35:02 +0530
Processing by WelcomeController#index as HTML
  Current user: hcmzone (id=1)
  Rendering welcome/index.html.erb within layouts/base
  Rendered welcome/index.html.erb within layouts/base (4.4ms)
  Rendering plugins/redmine_agile/doc/LICENSE
  Rendered plugins/redmine_agile/doc/LICENSE (0.1ms)
  Rendered plugins/redmine_agile/app/views/bitnami/_license_popup.html.erb (1.1ms)
Completed 200 OK in 69ms (Views: 20.0ms | ActiveRecord: 41.3ms)
Started GET "/agree_lic?utf8=%E2%9C%93" for 127.0.0.1 at 2019-03-27 14:35:08 +0530
Started GET "/" for 127.0.0.1 at 2019-03-27 14:35:11 +0530
Processing by WelcomeController#index as HTML
Settings cache cleared.
  Current user: hcmzone (id=1)
  Rendering welcome/index.html.erb within layouts/base
  Rendered welcome/index.html.erb within layouts/base (8.3ms)
  Rendering plugins/redmine_agile/doc/LICENSE
  Rendered plugins/redmine_agile/doc/LICENSE (0.1ms)
  Rendered plugins/redmine_agile/app/views/bitnami/_license_popup.html.erb (3.2ms)
Completed 200 OK in 82ms (Views: 28.0ms | ActiveRecord: 44.2ms)
Started GET "/my/page" for 127.0.0.1 at 2019-03-27 14:35:15 +0530
Processing by MyController#page as HTML
  Current user: hcmzone (id=1)
  Rendering my/page.html.erb within layouts/base
  Rendered queries/_columns.html.erb (5.5ms)
  Rendered my/blocks/_issues.erb (27.9ms)
  Rendered queries/_columns.html.erb (2.7ms)
  Rendered my/blocks/_issues.erb (7.5ms)
  Rendered my/page.html.erb within layouts/base (201.5ms)
  Rendering plugins/redmine_agile/doc/LICENSE
  Rendered plugins/redmine_agile/doc/LICENSE (0.0ms)
  Rendered plugins/redmine_agile/app/views/bitnami/_license_popup.html.erb (0.9ms)
Completed 200 OK in 321ms (Views: 198.1ms | ActiveRecord: 68.6ms)
Started GET "/projects" for 127.0.0.1 at 2019-03-27 14:35:17 +0530
Processing by ProjectsController#index as HTML
  Current user: hcmzone (id=1)
  Rendering projects/index.html.erb within layouts/base
  Rendered projects/index.html.erb within layouts/base (8.5ms)
  Rendering plugins/redmine_agile/doc/LICENSE
  Rendered plugins/redmine_agile/doc/LICENSE (0.1ms)
  Rendered plugins/redmine_agile/app/views/bitnami/_license_popup.html.erb (1.2ms)
Completed 200 OK in 139ms (Views: 31.8ms | ActiveRecord: 57.6ms)
Started GET "/admin" for 127.0.0.1 at 2019-03-27 14:35:19 +0530
Processing by AdminController#index as HTML
  Current user: hcmzone (id=1)
  Rendering admin/index.html.erb within layouts/admin
  Rendered admin/_menu.html.erb (11.3ms)
  Rendered admin/index.html.erb within layouts/admin (14.9ms)
  Rendering layouts/base.html.erb
  Rendering plugins/redmine_agile/doc/LICENSE
  Rendered plugins/redmine_agile/doc/LICENSE (0.1ms)
  Rendered plugins/redmine_agile/app/views/bitnami/_license_popup.html.erb (1.3ms)
  Rendered layouts/base.html.erb (21.3ms)
Completed 200 OK in 211ms (Views: 92.4ms | ActiveRecord: 68.3ms)
Started GET "/projects" for 127.0.0.1 at 2019-03-27 14:35:22 +0530
Processing by ProjectsController#index as HTML
  Current user: hcmzone (id=1)
  Rendering projects/index.html.erb within layouts/base
  Rendered projects/index.html.erb within layouts/base (6.8ms)
  Rendering plugins/redmine_agile/doc/LICENSE
  Rendered plugins/redmine_agile/doc/LICENSE (0.1ms)
  Rendered plugins/redmine_agile/app/views/bitnami/_license_popup.html.erb (1.2ms)
Completed 200 OK in 128ms (Views: 30.1ms | ActiveRecord: 87.6ms)
Started GET "/projects" for 127.0.0.1 at 2019-03-27 14:35:28 +0530
Processing by ProjectsController#index as HTML
  Current user: hcmzone (id=1)
  Rendering projects/index.html.erb within layouts/base
  Rendered projects/index.html.erb within layouts/base (6.4ms)
  Rendering plugins/redmine_agile/doc/LICENSE
  Rendered plugins/redmine_agile/doc/LICENSE (0.0ms)
  Rendered plugins/redmine_agile/app/views/bitnami/_license_popup.html.erb (1.3ms)
Completed 200 OK in 131ms (Views: 30.0ms | ActiveRecord: 91.5ms)
Started GET "/activity" for 127.0.0.1 at 2019-03-27 14:35:32 +0530
Processing by ActivitiesController#index as HTML
  Current user: hcmzone (id=1)
  Rendering activities/index.html.erb within layouts/base
  Rendered activities/_activities.html.erb (1.7ms)
  Rendered activities/index.html.erb within layouts/base (23.2ms)
  Rendering plugins/redmine_agile/doc/LICENSE
  Rendered plugins/redmine_agile/doc/LICENSE (0.1ms)
  Rendered plugins/redmine_agile/app/views/bitnami/_license_popup.html.erb (1.0ms)
Completed 200 OK in 206ms (Views: 41.7ms | ActiveRecord: 116.8ms)
Started GET "/issues" for 127.0.0.1 at 2019-03-27 14:35:33 +0530
Processing by IssuesController#index as HTML
  Current user: hcmzone (id=1)
  Rendering issues/index.html.erb within layouts/base
  Rendered queries/_filters.html.erb (31.5ms)
  Rendered queries/_columns.html.erb (3.5ms)
  Rendered queries/_query_form.html.erb (44.7ms)
  Rendered plugins/redmine_agile/app/views/agile_boards/_issues_sidebar.html.erb (2.3ms)
  Rendered plugins/redmine_agile/app/views/bitnami/_pro_popup.html.erb (2.8ms)
  Rendered plugins/redmine_agile/app/views/agile_charts/_agile_charts.html.erb (17.3ms)
  Rendered issues/_sidebar.html.erb (57.4ms)
  Rendered issues/index.html.erb within layouts/base (136.2ms)
  Rendering plugins/redmine_agile/doc/LICENSE
  Rendered plugins/redmine_agile/doc/LICENSE (0.0ms)
  Rendered plugins/redmine_agile/app/views/bitnami/_license_popup.html.erb (1.1ms)
Completed 200 OK in 298ms (Views: 178.0ms | ActiveRecord: 78.3ms)
Started GET "/time_entries" for 127.0.0.1 at 2019-03-27 14:35:36 +0530
Processing by TimelogController#index as HTML
  Current user: hcmzone (id=1)
  Rendering timelog/index.html.erb within layouts/base
  Rendered queries/_filters.html.erb (8.7ms)
  Rendered queries/_columns.html.erb (2.4ms)
  Rendered queries/_query_form.html.erb (14.5ms)
  Rendered timelog/_date_range.html.erb (17.6ms)
  Rendered timelog/index.html.erb within layouts/base (30.2ms)
  Rendering plugins/redmine_agile/doc/LICENSE
  Rendered plugins/redmine_agile/doc/LICENSE (0.0ms)
  Rendered plugins/redmine_agile/app/views/bitnami/_license_popup.html.erb (1.1ms)
Completed 200 OK in 238ms (Views: 66.1ms | ActiveRecord: 70.5ms)
Started GET "/issues/gantt" for 127.0.0.1 at 2019-03-27 14:35:37 +0530
Processing by GanttsController#show as HTML
  Current user: hcmzone (id=1)
  Rendering gantts/show.html.erb within layouts/base
  Rendered queries/_filters.html.erb (19.1ms)
  Rendered plugins/redmine_agile/app/views/agile_boards/_issues_sidebar.html.erb (0.5ms)
  Rendered plugins/redmine_agile/app/views/bitnami/_pro_popup.html.erb (1.0ms)
  Rendered plugins/redmine_agile/app/views/agile_charts/_agile_charts.html.erb (2.2ms)
  Rendered issues/_sidebar.html.erb (7.1ms)
  Rendered gantts/show.html.erb within layouts/base (85.5ms)
  Rendering plugins/redmine_agile/doc/LICENSE
  Rendered plugins/redmine_agile/doc/LICENSE (0.0ms)
  Rendered plugins/redmine_agile/app/views/bitnami/_license_popup.html.erb (0.9ms)
Completed 200 OK in 301ms (Views: 115.0ms | ActiveRecord: 145.7ms)
Started GET "/issues/calendar" for 127.0.0.1 at 2019-03-27 14:35:39 +0530
Processing by CalendarsController#show as HTML
  Current user: hcmzone (id=1)
  Rendering calendars/show.html.erb within layouts/base
  Rendered queries/_filters.html.erb (20.8ms)
  Rendered common/_calendar.html.erb (9.1ms)
  Rendered plugins/redmine_agile/app/views/agile_boards/_issues_sidebar.html.erb (0.5ms)
  Rendered plugins/redmine_agile/app/views/bitnami/_pro_popup.html.erb (1.0ms)
  Rendered plugins/redmine_agile/app/views/agile_charts/_agile_charts.html.erb (2.3ms)
  Rendered issues/_sidebar.html.erb (7.8ms)
  Rendered calendars/show.html.erb within layouts/base (50.1ms)
  Rendering plugins/redmine_agile/doc/LICENSE
  Rendered plugins/redmine_agile/doc/LICENSE (0.1ms)
  Rendered plugins/redmine_agile/app/views/bitnami/_license_popup.html.erb (1.0ms)
Completed 200 OK in 329ms (Views: 69.6ms | ActiveRecord: 188.2ms)
Started GET "/news" for 127.0.0.1 at 2019-03-27 14:35:41 +0530
Processing by NewsController#index as HTML
  Current user: hcmzone (id=1)
  Rendering news/index.html.erb within layouts/base
  Rendered news/index.html.erb within layouts/base (11.3ms)
  Rendering plugins/redmine_agile/doc/LICENSE
  Rendered plugins/redmine_agile/doc/LICENSE (0.1ms)
  Rendered plugins/redmine_agile/app/views/bitnami/_license_popup.html.erb (1.2ms)
Completed 200 OK in 173ms (Views: 34.9ms | ActiveRecord: 74.0ms)
Started GET "/agile/board" for 127.0.0.1 at 2019-03-27 14:35:42 +0530
Processing by AgileBoardsController#index as HTML
  Current user: hcmzone (id=1)
DEPRECATION WARNING: Dangerous query method (method whose arguments are used as raw SQL) called with non-attribute argument(s): "COALESCE(agile_data.position, 999999)". Non-attribute arguments will be disallowed in Rails 6.0. This method should not be called with user-provided values, such as request parameters or model attributes. Known-safe values can be passed by wrapping them in Arel.sql(). (called from block (2 levels) in included at /home/indiba1/workspace/ProjectManagement/apps/redmineplusagile/htdocs/plugins/redmine_agile/lib/redmine_agile/patches/issue_patch.rb:34)
  Rendering plugins/redmine_agile/app/views/agile_boards/index.html.erb within layouts/base
  Rendered queries/_filters.html.erb (11.0ms)
  Rendered plugins/redmine_agile/app/views/bitnami/_upgrade_to_pro.html.erb (1.4ms)
  Rendered plugins/redmine_agile/app/views/agile_boards/_issues_links.html.erb (2.3ms)
  Rendered plugins/redmine_agile/app/views/bitnami/_pro_popup.html.erb (1.1ms)
  Rendered plugins/redmine_agile/app/views/agile_charts/_agile_charts.html.erb (3.7ms)
  Rendered plugins/redmine_agile/app/views/agile_boards/_index.html.erb (54.9ms)
  Rendered plugins/redmine_agile/app/views/agile_boards/index.html.erb within layouts/base (57.2ms)
  Rendering plugins/redmine_agile/doc/LICENSE
  Rendered plugins/redmine_agile/doc/LICENSE (0.0ms)
  Rendered plugins/redmine_agile/app/views/bitnami/_license_popup.html.erb (1.1ms)
Completed 200 OK in 360ms (Views: 92.8ms | ActiveRecord: 105.9ms)
Started GET "/projects" for 127.0.0.1 at 2019-03-27 19:38:40 +0530
Processing by ProjectsController#index as HTML
  Current user: hcmzone (id=1)
  Rendering projects/index.html.erb within layouts/base
  Rendered projects/index.html.erb within layouts/base (9.5ms)
  Rendering plugins/redmine_agile/doc/LICENSE
  Rendered plugins/redmine_agile/doc/LICENSE (0.1ms)
  Rendered plugins/redmine_agile/app/views/bitnami/_license_popup.html.erb (1.2ms)
Completed 200 OK in 223ms (Views: 35.6ms | ActiveRecord: 168.9ms)
Started GET "/projects/new" for 127.0.0.1 at 2019-03-27 19:38:46 +0530
Processing by ProjectsController#new as HTML
  Current user: hcmzone (id=1)
  Rendering projects/new.html.erb within layouts/base
  Rendered projects/_form.html.erb (25.3ms)
  Rendered projects/new.html.erb within layouts/base (30.8ms)
  Rendering plugins/redmine_agile/doc/LICENSE
  Rendered plugins/redmine_agile/doc/LICENSE (0.1ms)
  Rendered plugins/redmine_agile/app/views/bitnami/_license_popup.html.erb (0.9ms)
Completed 200 OK in 328ms (Views: 104.9ms | ActiveRecord: 111.4ms)
Started GET "/projects" for 127.0.0.1 at 2019-03-27 19:39:03 +0530
Processing by ProjectsController#index as HTML
  Current user: hcmzone (id=1)
  Rendering projects/index.html.erb within layouts/base
  Rendered projects/index.html.erb within layouts/base (5.2ms)
  Rendering plugins/redmine_agile/doc/LICENSE
  Rendered plugins/redmine_agile/doc/LICENSE (0.1ms)
  Rendered plugins/redmine_agile/app/views/bitnami/_license_popup.html.erb (1.2ms)
Completed 200 OK in 72ms (Views: 26.7ms | ActiveRecord: 36.1ms)
Creating scope :system. Overwriting existing method Enumeration.system.
Creating scope :sorted. Overwriting existing method Group.sorted.
Creating scope :sorted. Overwriting existing method User.sorted.
Creating scope :visible. Overwriting existing method AgileQuery.visible.
Migrating to Setup (1)
Migrating to IssueMove (2)
Migrating to IssueAddNote (3)
Migrating to ExportPdf (4)
Migrating to IssueStartDate (5)
Migrating to CalendarAndActivity (6)
Migrating to CreateJournals (7)
Migrating to CreateUserPreferences (8)
Migrating to AddHideMailPref (9)
Migrating to CreateComments (10)
Migrating to AddNewsCommentsCount (11)
Migrating to AddCommentsPermissions (12)
Migrating to CreateQueries (13)
Migrating to AddQueriesPermissions (14)
Migrating to CreateRepositories (15)
Migrating to AddRepositoriesPermissions (16)
Migrating to CreateSettings (17)
Migrating to SetDocAndFilesNotifications (18)
Migrating to AddIssueStatusPosition (19)
Migrating to AddRolePosition (20)
Migrating to AddTrackerPosition (21)
Migrating to SerializePossiblesValues (22)
Migrating to AddTrackerIsInRoadmap (23)
Migrating to AddRoadmapPermission (24)
Migrating to AddSearchPermission (25)
Migrating to AddRepositoryLoginAndPassword (26)
Migrating to CreateWikis (27)
Migrating to CreateWikiPages (28)
Migrating to CreateWikiContents (29)
Migrating to AddProjectsFeedsPermissions (30)
Migrating to AddRepositoryRootUrl (31)
Migrating to CreateTimeEntries (32)
Migrating to AddTimelogPermissions (33)
Migrating to CreateChangesets (34)
Migrating to CreateChanges (35)
Migrating to AddChangesetCommitDate (36)
Migrating to AddProjectIdentifier (37)
Migrating to AddCustomFieldIsFilter (38)
Migrating to CreateWatchers (39)
Migrating to CreateChangesetsIssues (40)
Migrating to RenameCommentToComments (41)
Migrating to CreateIssueRelations (42)
Migrating to AddRelationsPermissions (43)
Migrating to SetLanguageLengthToFive (44)
Migrating to CreateBoards (45)
Migrating to CreateMessages (46)
Migrating to AddBoardsPermissions (47)
Migrating to AllowNullVersionEffectiveDate (48)
Migrating to AddWikiDestroyPagePermission (49)
Migrating to AddWikiAttachmentsPermissions (50)
Migrating to AddProjectStatus (51)
Migrating to AddChangesRevision (52)
Migrating to AddChangesBranch (53)
Migrating to AddChangesetsScmid (54)
Migrating to AddRepositoriesType (55)
Migrating to AddRepositoriesChangesPermission (56)
Migrating to AddVersionsWikiPageTitle (57)
Migrating to AddIssueCategoriesAssignedToId (58)
Migrating to AddRolesAssignable (59)
Migrating to ChangeChangesetsCommitterLimit (60)
Migrating to AddRolesBuiltin (61)
Migrating to InsertBuiltinRoles (62)
Migrating to AddRolesPermissions (63)
Migrating to DropPermissions (64)
Migrating to AddSettingsUpdatedOn (65)
Migrating to AddCustomValueCustomizedIndex (66)
Migrating to CreateWikiRedirects (67)
Migrating to CreateEnabledModules (68)
Migrating to AddIssuesEstimatedHours (69)
Migrating to ChangeAttachmentsContentTypeLimit (70)
Migrating to AddQueriesColumnNames (71)
Migrating to AddEnumerationsPosition (72)
Creating scope :system. Overwriting existing method Enumeration.system.
Migrating to AddEnumerationsIsDefault (73)
Migrating to AddAuthSourcesTls (74)
Migrating to AddMembersMailNotification (75)
Migrating to AllowNullPosition (76)
Migrating to RemoveIssueStatusesHtmlColor (77)
Migrating to AddCustomFieldsPosition (78)
Migrating to AddUserPreferencesTimeZone (79)
Migrating to AddUsersType (80)
Creating scope :sorted. Overwriting existing method Group.sorted.
Creating scope :sorted. Overwriting existing method User.sorted.
Migrating to CreateProjectsTrackers (81)
Migrating to AddMessagesLocked (82)
Migrating to AddMessagesSticky (83)
Migrating to ChangeAuthSourcesAccountLimit (84)
Migrating to AddRoleTrackerOldStatusIndexToWorkflows (85)
Migrating to AddCustomFieldsSearchable (86)
Migrating to ChangeProjectsDescriptionToText (87)
Migrating to AddCustomFieldsDefaultValue (88)
Migrating to AddAttachmentsDescription (89)
Migrating to ChangeVersionsNameLimit (90)
Migrating to ChangeChangesetsRevisionToString (91)
Migrating to ChangeChangesFromRevisionToString (92)
Migrating to AddWikiPagesProtected (93)
Migrating to ChangeProjectsHomepageLimit (94)
Migrating to AddWikiPagesParentId (95)
Migrating to AddCommitAccessPermission (96)
Migrating to AddViewWikiEditsPermission (97)
Migrating to SetTopicAuthorsAsWatchers (98)
Migrating to AddDeleteWikiPagesAttachmentsPermission (99)
Migrating to AddChangesetsUserId (100)
Migrating to PopulateChangesetsUserId (101)
Migrating to AddCustomFieldsEditable (102)
Migrating to SetCustomFieldsEditable (103)
Migrating to AddProjectsLftAndRgt (104)
Migrating to BuildProjectsTree (105)
Migrating to RemoveProjectsProjectsCount (106)
Migrating to AddOpenIdAuthenticationTables (107)
Migrating to AddIdentityUrlToUsers (108)
Migrating to AddWatchersUserIdTypeIndex (20090214190337)
Migrating to AddQueriesSortCriteria (20090312172426)
Migrating to AddProjectsTrackersUniqueIndex (20090312194159)
Migrating to ExtendSettingsName (20090318181151)
Migrating to AddTypeToEnumerations (20090323224724)
Migrating to UpdateEnumerationsToSti (20090401221305)
Migrating to AddActiveFieldToEnumerations (20090401231134)
Migrating to AddProjectToEnumerations (20090403001910)
Migrating to AddParentIdToEnumerations (20090406161854)
Migrating to AddQueriesGroupBy (20090425161243)
Migrating to CreateMemberRoles (20090503121501)
Migrating to PopulateMemberRoles (20090503121505)
Migrating to DropMembersRoleId (20090503121510)
Migrating to FixMessagesStickyNull (20090614091200)
Migrating to PopulateUsersType (20090704172350)
Migrating to CreateGroupsUsers (20090704172355)
Migrating to AddMemberRolesInheritedFrom (20090704172358)
Migrating to FixUsersCustomValues (20091010093521)
Migrating to AddMissingIndexesToWorkflows (20091017212227)
Migrating to AddMissingIndexesToCustomFieldsProjects (20091017212457)
Migrating to AddMissingIndexesToMessages (20091017212644)
Migrating to AddMissingIndexesToRepositories (20091017212938)
Migrating to AddMissingIndexesToComments (20091017213027)
Migrating to AddMissingIndexesToEnumerations (20091017213113)
Migrating to AddMissingIndexesToWikiPages (20091017213151)
Migrating to AddMissingIndexesToWatchers (20091017213228)
Migrating to AddMissingIndexesToAuthSources (20091017213257)
Migrating to AddMissingIndexesToDocuments (20091017213332)
Migrating to AddMissingIndexesToTokens (20091017213444)
Migrating to AddMissingIndexesToChangesets (20091017213536)
Migrating to AddMissingIndexesToIssueCategories (20091017213642)
Migrating to AddMissingIndexesToMemberRoles (20091017213716)
Migrating to AddMissingIndexesToBoards (20091017213757)
Migrating to AddMissingIndexesToUserPreferences (20091017213835)
Migrating to AddMissingIndexesToIssues (20091017213910)
Migrating to AddMissingIndexesToMembers (20091017214015)
Migrating to AddMissingIndexesToCustomFields (20091017214107)
Migrating to AddMissingIndexesToQueries (20091017214136)
Migrating to AddMissingIndexesToTimeEntries (20091017214236)
Migrating to AddMissingIndexesToNews (20091017214308)
Migrating to AddMissingIndexesToUsers (20091017214336)
Migrating to AddMissingIndexesToAttachments (20091017214406)
Migrating to AddMissingIndexesToWikiContents (20091017214440)
Migrating to AddMissingIndexesToCustomValues (20091017214519)
Migrating to AddMissingIndexesToJournals (20091017214611)
Migrating to AddMissingIndexesToIssueRelations (20091017214644)
Migrating to AddMissingIndexesToWikiRedirects (20091017214720)
Migrating to AddMissingIndexesToCustomFieldsTrackers (20091017214750)
Migrating to AddActivityIndexes (20091025163651)
Migrating to AddVersionsStatus (20091108092559)
Migrating to AddViewIssuesPermission (20091114105931)
Migrating to AddDefaultDoneRatioToIssueStatus (20091123212029)
Migrating to AddVersionsSharing (20091205124427)
Migrating to AddLftAndRgtIndexesToProjects (20091220183509)
Migrating to AddIndexToSettingsName (20091220183727)
Migrating to AddIndexesToIssueStatus (20091220184736)
Migrating to RemoveEnumerationsOpt (20091225164732)
Migrating to ChangeWikiContentsTextLimit (20091227112908)
Migrating to ChangeUsersMailNotificationToString (20100129193402)
Migrating to UpdateMailNotificationValues (20100129193813)
Migrating to AddIndexOnChangesetsScmid (20100221100219)
Migrating to AddIssuesNestedSetsColumns (20100313132032)
Migrating to AddIndexOnIssuesNestedSet (20100313171051)
Migrating to ChangeChangesPathLengthLimit (20100705164950)
Migrating to EnableCalendarAndGanttModulesWhereAppropriate (20100819172912)
Migrating to AddUniqueIndexOnMembers (20101104182107)
Migrating to AddCustomFieldsVisible (20101107130441)
Migrating to ChangeProjectsNameLimit (20101114115114)
Migrating to ChangeProjectsIdentifierLimit (20101114115359)
Migrating to AddWorkflowsAssigneeAndAuthor (20110220160626)
Migrating to AddUsersSalt (20110223180944)
Migrating to SaltUserPasswords (20110223180953)
Migrating to AddRepositoriesPathEncoding (20110224000000)
Migrating to ChangeRepositoriesPasswordLimit (20110226120112)
Migrating to ChangeAuthSourcesAccountPasswordLimit (20110226120132)
Migrating to ChangeJournalDetailsValuesToText (20110227125750)
Migrating to AddRepositoriesLogEncoding (20110228000000)
Migrating to CopyRepositoriesLogEncoding (20110228000100)
Migrating to AddIndexToUsersType (20110401192910)
Migrating to AddRolesIssuesVisibility (20110408103312)
Migrating to AddIssuesIsPrivate (20110412065600)
Migrating to AddRepositoriesExtraInfo (20110511000000)
Migrating to CreateChangesetParents (20110902000000)
Migrating to AddUniqueIndexToIssueRelations (20111201201315)
Migrating to AddRepositoriesIdentifier (20120115143024)
Migrating to AddRepositoriesIsDefault (20120115143100)
Migrating to SetDefaultRepositories (20120115143126)
Migrating to AddCustomFieldsMultiple (20120127174243)
Migrating to ChangeUsersLoginLimit (20120205111326)
Migrating to ChangeAttachmentsContainerDefaults (20120223110929)
Migrating to AddAuthSourcesFilter (20120301153455)
Migrating to ChangeRepositoriesToFullSti (20120422150750)
Migrating to AddTrackersFieldsBits (20120705074331)
Migrating to AddAuthSourcesTimeout (20120707064544)
Migrating to AddWorkflowsType (20120714122000)
Migrating to UpdateWorkflowsToSti (20120714122100)
Migrating to AddWorkflowsRuleFields (20120714122200)
Migrating to AddBoardsParentId (20120731164049)
Migrating to AddJournalsPrivateNotes (20120930112914)
Migrating to AddEnumerationsPositionName (20121026002032)
Migrating to PopulateEnumerationsPositionName (20121026003537)
Migrating to AddQueriesType (20121209123234)
Migrating to UpdateQueriesToSti (20121209123358)
Migrating to AddAttachmentsDiskDirectory (20121213084931)
Migrating to SplitDocumentsPermissions (20130110122628)
Migrating to AddUniqueIndexOnTokensValue (20130201184705)
Migrating to AddProjectsInheritMembers (20130202090625)
Migrating to AddUniqueIndexOnCustomFieldsTrackers (20130207175206)
Migrating to AddUniqueIndexOnCustomFieldsProjects (20130207181455)
Migrating to ChangeUsersLastnameLengthTo255 (20130215073721)
Migrating to AddIssuesClosedOn (20130215111127)
Migrating to PopulateIssuesClosedOn (20130215111141)
Migrating to RemoveIssuesDefaultFkValues (20130217094251)
Migrating to CreateQueriesRoles (20130602092539)
Migrating to AddQueriesVisibility (20130710182539)
Migrating to CreateCustomFieldsRoles (20130713104233)
Migrating to AddQueriesOptions (20130713111657)
Migrating to AddUsersMustChangePasswd (20130729070143)
Migrating to RemoveEolsFromAttachmentsFilename (20130911193200)
Migrating to SupportForMultipleCommitKeywords (20131004113137)
Migrating to AddRepositoriesCreatedOn (20131005100610)
Migrating to AddCustomFieldsFormatStore (20131124175346)
Migrating to AddCustomFieldsDescription (20131210180802)
Migrating to RemoveCustomFieldsMinMaxLengthDefaultValues (20131214094309)
Migrating to StoreRelationTypeInJournalDetails (20131215104612)
Migrating to DeleteOrphanTimeEntriesCustomValues (20131218183023)
Migrating to ChangeChangesetsCommentsLimit (20140228130325)
Migrating to AddPasswordChangedAtToUser (20140903143914)
Migrating to InsertBuiltinGroups (20140920094058)
Migrating to AddTrackersDefaultStatusId (20141029181752)
Migrating to RemoveIssueStatusesIsDefault (20141029181824)
Migrating to AddRolesUsersVisibility (20141109112308)
Migrating to AddWikiRedirectsRedirectsToWikiId (20141122124142)
Migrating to CreateEmailAddresses (20150113194759)
Migrating to PopulateEmailAddresses (20150113211532)
Migrating to RemoveUsersMail (20150113213922)
Migrating to AddEmailAddressesUserIdIndex (20150113213955)
Migrating to ReplaceMoveIssuesPermission (20150208105930)
Migrating to ChangeDocumentsTitleLimit (20150510083747)
Migrating to ClearEstimatedHoursOnParentIssues (20150525103953)
Migrating to AddRolesTimeEntriesVisibility (20150526183158)
Migrating to AddRolesAllRolesManaged (20150528084820)
Migrating to CreateRolesManagedRoles (20150528092912)
Migrating to AddUniqueIndexOnRolesManagedRoles (20150528093249)
Migrating to InsertAllowedStatusesForNewIssues (20150725112753)
Migrating to CreateImports (20150730122707)
Migrating to CreateImportItems (20150730122735)
Migrating to ChangeTimeEntriesCommentsLimitTo1024 (20150921204850)
Migrating to ChangeWikiContentsCommentsLimitTo1024 (20150921210243)
Migrating to ChangeAttachmentsFilesizeLimitTo8 (20151020182334)
Migrating to FixCommaInUserFormatSettingValue (20151020182731)
Migrating to ChangeIssueCategoriesNameLimitTo60 (20151021184614)
Migrating to ChangeAuthSourcesFilterToText (20151021185456)
Migrating to ChangeUserPreferencesHideMailDefaultToTrue (20151021190616)
Migrating to AddTokensUpdatedOn (20151024082034)
Migrating to CreateCustomFieldEnumerations (20151025072118)
Migrating to AddProjectsDefaultVersionId (20151031095005)
Migrating to ForcePasswordResetDuringSetup (20160404080304)
Migrating to RemovePositionDefaults (20160416072926)
Migrating to AddRolesSettings (20160529063352)
Migrating to AddTrackerIdIndexToWorkflows (20161001122012)
Migrating to AddIndexOnMemberRolesInheritedFrom (20161002133421)
Migrating to ChangeIssuesDescriptionLimit (20161010081301)
Migrating to ChangeJournalDetailsValueLimit (20161010081528)
Migrating to ChangeJournalsNotesLimit (20161010081600)
Migrating to AddIndexOnChangesetsIssuesIssueId (20161126094932)
Migrating to AddIndexOnIssuesParentId (20161220091118)
Migrating to AddIndexOnDiskFilenameToAttachments (20170207050700)
Migrating to ChangeAttachmentsDigestLimitTo64 (20170302015225)
Migrating to AddProjectDefaultAssignedToId (20170309214320)
Migrating to ChangeRepositoriesExtraInfoLimit (20170320051650)
Migrating to AddViewNewsToAllExistingRoles (20170418090031)
Migrating to AddViewMessagesToAllExistingRoles (20170419144536)
Migrating to RenameCommentsToContent (20170723112801)
Migrating to AddVerifyPeerToAuthSources (20180913072918)
Migrating to ChangeSqliteBooleansTo0And1 (20180923082945)
Migrating to ChangeSqliteBooleansDefault (20180923091603)
Creating scope :system. Overwriting existing method Enumeration.system.
Creating scope :sorted. Overwriting existing method Group.sorted.
Creating scope :sorted. Overwriting existing method User.sorted.
Creating scope :visible. Overwriting existing method AgileQuery.visible.
Creating scope :system. Overwriting existing method Enumeration.system.
Creating scope :sorted. Overwriting existing method Group.sorted.
Creating scope :sorted. Overwriting existing method User.sorted.
Creating scope :visible. Overwriting existing method AgileQuery.visible.
Creating scope :system. Overwriting existing method Enumeration.system.
Creating scope :sorted. Overwriting existing method Group.sorted.
Creating scope :sorted. Overwriting existing method User.sorted.
Creating scope :visible. Overwriting existing method AgileQuery.visible.
Creating scope :system. Overwriting existing method Enumeration.system.
Creating scope :sorted. Overwriting existing method Group.sorted.
Creating scope :sorted. Overwriting existing method User.sorted.
Creating scope :visible. Overwriting existing method AgileQuery.visible.
Creating scope :system. Overwriting existing method Enumeration.system.
Creating scope :sorted. Overwriting existing method Group.sorted.
Creating scope :sorted. Overwriting existing method User.sorted.
Creating scope :visible. Overwriting existing method AgileQuery.visible.
Creating scope :system. Overwriting existing method Enumeration.system.
Creating scope :sorted. Overwriting existing method Group.sorted.
Creating scope :sorted. Overwriting existing method User.sorted.
Creating scope :visible. Overwriting existing method AgileQuery.visible.
Creating scope :system. Overwriting existing method Enumeration.system.
Creating scope :sorted. Overwriting existing method Group.sorted.
Creating scope :sorted. Overwriting existing method User.sorted.
Creating scope :visible. Overwriting existing method AgileQuery.visible.
Creating scope :system. Overwriting existing method Enumeration.system.
Creating scope :sorted. Overwriting existing method Group.sorted.
Creating scope :sorted. Overwriting existing method User.sorted.
Creating scope :visible. Overwriting existing method AgileQuery.visible.
Creating scope :system. Overwriting existing method Enumeration.system.
Creating scope :sorted. Overwriting existing method Group.sorted.
Creating scope :sorted. Overwriting existing method User.sorted.
Creating scope :visible. Overwriting existing method AgileQuery.visible.
Creating scope :system. Overwriting existing method Enumeration.system.
Creating scope :sorted. Overwriting existing method Group.sorted.
Creating scope :sorted. Overwriting existing method User.sorted.
Creating scope :visible. Overwriting existing method AgileQuery.visible.
